Using pre-set license
Built from '2022.3/staging' branch; Version is '2022.3.16f1 (d2c21f0ef2f1) revision 13812255'; Using compiler version '192829333'; Build Type 'Release'
OS: 'Windows 11  (10.0.22621) 64bit Core' Language: 'en' Physical Memory: 16257 MB
BatchMode: 1, IsHumanControllingUs: 0, StartBugReporterOnCrash: 0, Is64bit: 1, IsPro: 1

COMMAND LINE ARGUMENTS:
C:\Program Files\Unity\Hub\Editor\2022.3.16f1\Editor\Unity.exe
-adb2
-batchMode
-noUpm
-name
AssetImportWorker0
-projectPath
C:/Users/komot/OneDrive - Origin/Desktop/CreativeCode_WK/WK_HANDS
-logFile
Logs/AssetImportWorker0.log
-srvPort
50316
Successfully changed project path to: C:/Users/komot/OneDrive - Origin/Desktop/CreativeCode_WK/WK_HANDS
C:/Users/komot/OneDrive - Origin/Desktop/CreativeCode_WK/WK_HANDS
[UnityMemory] Configuration Parameters - Can be set up in boot.config
    "memorysetup-bucket-allocator-granularity=16"
    "memorysetup-bucket-allocator-bucket-count=8"
    "memorysetup-bucket-allocator-block-size=33554432"
    "memorysetup-bucket-allocator-block-count=8"
    "memorysetup-main-allocator-block-size=16777216"
    "memorysetup-thread-allocator-block-size=16777216"
    "memorysetup-gfx-main-allocator-block-size=16777216"
    "memorysetup-gfx-thread-allocator-block-size=16777216"
    "memorysetup-cache-allocator-block-size=4194304"
    "memorysetup-typetree-allocator-block-size=2097152"
    "memorysetup-profiler-bucket-allocator-granularity=16"
    "memorysetup-profiler-bucket-allocator-bucket-count=8"
    "memorysetup-profiler-bucket-allocator-block-size=33554432"
    "memorysetup-profiler-bucket-allocator-block-count=8"
    "memorysetup-profiler-allocator-block-size=16777216"
    "memorysetup-profiler-editor-allocator-block-size=1048576"
    "memorysetup-temp-allocator-size-main=16777216"
    "memorysetup-job-temp-allocator-block-size=2097152"
    "memorysetup-job-temp-allocator-block-size-background=1048576"
    "memorysetup-job-temp-allocator-reduction-small-platforms=262144"
    "memorysetup-allocator-temp-initial-block-size-main=262144"
    "memorysetup-allocator-temp-initial-block-size-worker=262144"
    "memorysetup-temp-allocator-size-background-worker=32768"
    "memorysetup-temp-allocator-size-job-worker=262144"
    "memorysetup-temp-allocator-size-preload-manager=33554432"
    "memorysetup-temp-allocator-size-nav-mesh-worker=65536"
    "memorysetup-temp-allocator-size-audio-worker=65536"
    "memorysetup-temp-allocator-size-cloud-worker=32768"
    "memorysetup-temp-allocator-size-gi-baking-worker=262144"
    "memorysetup-temp-allocator-size-gfx=262144"
Player connection [21952] Host "[IP] 192.168.250.16 [Port] 0 [Flags] 2 [Guid] 2951072835 [EditorId] 2951072835 [Version] 1048832 [Id] WindowsEditor(7,ORIGIN) [Debug] 1 [PackageName] WindowsEditor [ProjectName] Editor" joined multi-casting on [225.0.0.222:54997]...

Player connection [21952] Host "[IP] 192.168.250.16 [Port] 0 [Flags] 2 [Guid] 2951072835 [EditorId] 2951072835 [Version] 1048832 [Id] WindowsEditor(7,ORIGIN) [Debug] 1 [PackageName] WindowsEditor [ProjectName] Editor" joined alternative multi-casting on [225.0.0.222:34997]...

[Physics::Module] Initialized MultithreadedJobDispatcher with 11 workers.
Refreshing native plugins compatible for Editor in 1705.01 ms, found 9 plugins.
Preloading 0 native plugins for Editor in 0.00 ms.
Initialize engine version: 2022.3.16f1 (d2c21f0ef2f1)
[Subsystems] Discovering subsystems at path C:/Program Files/Unity/Hub/Editor/2022.3.16f1/Editor/Data/Resources/UnitySubsystems
[Subsystems] Discovering subsystems at path C:/Users/komot/OneDrive - Origin/Desktop/CreativeCode_WK/WK_HANDS/Assets
GfxDevice: creating device client; threaded=0; jobified=0
Direct3D:
    Version:  Direct3D 11.0 [level 11.1]
    Renderer: NVIDIA GeForce RTX 3060 (ID=0x2504)
    Vendor:   NVIDIA
    VRAM:     12143 MB
    Driver:   30.0.14.7280
Initialize mono
Mono path[0] = 'C:/Program Files/Unity/Hub/Editor/2022.3.16f1/Editor/Data/Managed'
Mono path[1] = 'C:/Program Files/Unity/Hub/Editor/2022.3.16f1/Editor/Data/MonoBleedingEdge/lib/mono/unityjit-win32'
Mono config path = 'C:/Program Files/Unity/Hub/Editor/2022.3.16f1/Editor/Data/MonoBleedingEdge/etc'
Using monoOptions --debugger-agent=transport=dt_socket,embedding=1,server=y,suspend=n,address=127.0.0.1:56416
Begin MonoManager ReloadAssembly
Registering precompiled unity dll's ...
Register platform support module: C:/Program Files/Unity/Hub/Editor/2022.3.16f1/Editor/Data/PlaybackEngines/WebGLSupport/UnityEditor.WebGL.Extensions.dll
Register platform support module: C:/Program Files/Unity/Hub/Editor/2022.3.16f1/Editor/Data/PlaybackEngines/WindowsStandaloneSupport/UnityEditor.WindowsStandalone.Extensions.dll
Registered in 0.217130 seconds.
- Loaded All Assemblies, in  5.717 seconds
Native extension for WindowsStandalone target not found
Native extension for WebGL target not found
Mono: successfully reloaded assembly
- Finished resetting the current domain, in  0.270 seconds
Domain Reload Profiling: 5985ms
	BeginReloadAssembly (4059ms)
		ExecutionOrderSort (0ms)
		DisableScriptedObjects (0ms)
		BackupInstance (0ms)
		ReleaseScriptingObjects (0ms)
		CreateAndSetChildDomain (1ms)
	RebuildCommonClasses (399ms)
	RebuildNativeTypeToScriptingClass (12ms)
	initialDomainReloadingComplete (278ms)
	LoadAllAssembliesAndSetupDomain (966ms)
		LoadAssemblies (4057ms)
		RebuildTransferFunctionScriptingTraits (0ms)
		AnalyzeDomain (963ms)
			TypeCache.Refresh (962ms)
				TypeCache.ScanAssembly (748ms)
			ScanForSourceGeneratedMonoScriptInfo (0ms)
			ResolveRequiredComponents (0ms)
	FinalizeReload (270ms)
		ReleaseScriptCaches (0ms)
		RebuildScriptCaches (0ms)
		SetupLoadedEditorAssemblies (218ms)
			LogAssemblyErrors (0ms)
			InitializePlatformSupportModulesInManaged (10ms)
			SetLoadedEditorAssemblies (5ms)
			RefreshPlugins (0ms)
			BeforeProcessingInitializeOnLoad (2ms)
			ProcessInitializeOnLoadAttributes (150ms)
			ProcessInitializeOnLoadMethodAttributes (52ms)
			AfterProcessingInitializeOnLoad (0ms)
			EditorAssembliesLoaded (0ms)
		ExecutionOrderSort2 (0ms)
		AwakeInstancesAfterBackupRestoration (0ms)
========================================================================
Worker process is ready to serve import requests
Begin MonoManager ReloadAssembly
- Loaded All Assemblies, in  7.155 seconds
Refreshing native plugins compatible for Editor in 25.94 ms, found 9 plugins.
Native extension for WindowsStandalone target not found
Native extension for WebGL target not found
Package Manager log level set to [2]
[Package Manager] Server::EnsureServerProcessIsRunning -- launch failed, reason: Unity was launched with the -noUpm command-line argument
[Package Manager] UpmClient::Send -- Unable to send message (not connected to UPM process).
[Package Manager] Cannot connect to Unity Package Manager local server
[Package Manager] Server::EnsureServerProcessIsRunning -- launch failed, reason: Unity was launched with the -noUpm command-line argument
[Package Manager] UpmClient::Send -- Unable to send message (not connected to UPM process).
[Package Manager] Cannot connect to Unity Package Manager local server
Mono: successfully reloaded assembly
[Package Manager] Server::EnsureServerProcessIsRunning -- launch failed, reason: Unity was launched with the -noUpm command-line argument
[Package Manager] UpmClient::Send -- Unable to send message (not connected to UPM process).
[Package Manager] Cannot connect to Unity Package Manager local server
[Package Manager] Server::EnsureServerProcessIsRunning -- launch failed, reason: Unity was launched with the -noUpm command-line argument
[Package Manager] UpmClient::Send -- Unable to send message (not connected to UPM process).
[Package Manager] Cannot connect to Unity Package Manager local server
- Finished resetting the current domain, in  0.745 seconds
Domain Reload Profiling: 7894ms
	BeginReloadAssembly (121ms)
		ExecutionOrderSort (0ms)
		DisableScriptedObjects (4ms)
		BackupInstance (0ms)
		ReleaseScriptingObjects (0ms)
		CreateAndSetChildDomain (20ms)
	RebuildCommonClasses (26ms)
	RebuildNativeTypeToScriptingClass (8ms)
	initialDomainReloadingComplete (41ms)
	LoadAllAssembliesAndSetupDomain (6953ms)
		LoadAssemblies (6523ms)
		RebuildTransferFunctionScriptingTraits (0ms)
		AnalyzeDomain (499ms)
			TypeCache.Refresh (461ms)
				TypeCache.ScanAssembly (414ms)
			ScanForSourceGeneratedMonoScriptInfo (25ms)
			ResolveRequiredComponents (12ms)
	FinalizeReload (745ms)
		ReleaseScriptCaches (0ms)
		RebuildScriptCaches (0ms)
		SetupLoadedEditorAssemblies (582ms)
			LogAssemblyErrors (0ms)
			InitializePlatformSupportModulesInManaged (5ms)
			SetLoadedEditorAssemblies (3ms)
			RefreshPlugins (0ms)
			BeforeProcessingInitializeOnLoad (77ms)
			ProcessInitializeOnLoadAttributes (392ms)
			ProcessInitializeOnLoadMethodAttributes (100ms)
			AfterProcessingInitializeOnLoad (4ms)
			EditorAssembliesLoaded (0ms)
		ExecutionOrderSort2 (0ms)
		AwakeInstancesAfterBackupRestoration (6ms)
Launched and connected shader compiler UnityShaderCompiler.exe after 0.07 seconds
Refreshing native plugins compatible for Editor in 30.35 ms, found 9 plugins.
Preloading 0 native plugins for Editor in 0.00 ms.
Unloading 6360 Unused Serialized files (Serialized files now loaded: 0)
Unloading 110 unused Assets / (370.6 KB). Loaded Objects now: 6808.
Memory consumption went from 241.0 MB to 240.6 MB.
Total: 4.372000 ms (FindLiveObjects: 0.456600 ms CreateObjectMapping: 0.406000 ms MarkObjects: 3.258700 ms  DeleteObjects: 0.249400 ms)

AssetImportParameters requested are different than current active one (requested -> active):
  custom:container-demuxer-ogg: 62fdf1f143b41e24485cea50d1cbac27 -> 
  custom:video-decoder-ogg-theora: a1e56fd34408186e4bbccfd4996cb3dc -> 
  custom:framework-win-MediaFoundation: 216162199b28c13a410421893ffa2e32 -> 
  custom:CustomObjectIndexerAttribute: 4d1d7186bcbbfe361de5f0ad951e585c -> 
  custom:container-demuxer-webm: 4f35f7cbe854078d1ac9338744f61a02 -> 
  custom:container-muxer-webm: aa71ff27fc2769a1b78a27578f13a17b -> 
  custom:video-decoder-webm-vp8: 9c59270c3fd7afecdb556c50c9e8de78 -> 
  custom:SearchIndexIgnoredProperties: e643bd26f0fe6173181afceb89e7c659 -> 
  custom:AudioImporter_EditorPlatform: d09bf68614088b80899f8185d706f6e7 -> 
  custom:video-encoder-webm-vp8: eb34c28f22e8b96e1ab97ce403110664 -> 
  custom:audio-decoder-ogg-vorbis: bf7c407c2cedff20999df2af8eb42d56 -> 
  custom:audio-encoder-webm-vorbis: bf7c407c2cedff20999df2af8eb42d56 -> 
========================================================================
Received Import Request.
  Time since last request: 2205.363061 seconds.
  path: Assets/birch-bush
  artifactKey: Guid(7897a14b359454a4ba8bf967c4140387) Importer(815301076,1909f56bfc062723c751e8b465ee728b)
Start importing Assets/birch-bush using Guid(7897a14b359454a4ba8bf967c4140387) Importer(815301076,1909f56bfc062723c751e8b465ee728b)  -> (artifact id: '49eeddbbdc8fe0904d46a24a4724b7b7') in 0.004146 seconds
Number of updated asset objects reloaded before import = 0
Number of asset objects unloaded after import = 0
========================================================================
Received Import Request.
  Time since last request: 0.709086 seconds.
  path: Assets/birch-bush/source
  artifactKey: Guid(6662d32480c0c7d4bb05b72616850cfc) Importer(815301076,1909f56bfc062723c751e8b465ee728b)
Start importing Assets/birch-bush/source using Guid(6662d32480c0c7d4bb05b72616850cfc) Importer(815301076,1909f56bfc062723c751e8b465ee728b)  -> (artifact id: 'f16b77faf6bad451ff052d90d3cd4687') in 0.000431 seconds
Number of updated asset objects reloaded before import = 0
Number of asset objects unloaded after import = 0
========================================================================
Received Import Request.
  Time since last request: 0.441344 seconds.
  path: Assets/birch-bush/source/birch_bush
  artifactKey: Guid(8c2e283c5725ed74ba5cefa5a6300e4b) Importer(815301076,1909f56bfc062723c751e8b465ee728b)
Start importing Assets/birch-bush/source/birch_bush using Guid(8c2e283c5725ed74ba5cefa5a6300e4b) Importer(815301076,1909f56bfc062723c751e8b465ee728b)  -> (artifact id: '20e5fc3b9ed547154019045cc95feb36') in 0.000451 seconds
Number of updated asset objects reloaded before import = 0
Number of asset objects unloaded after import = 0
========================================================================
Received Import Request.
  Time since last request: 0.065934 seconds.
  path: Assets/birch-bush/source/birch_bush/birch_ao.png
  artifactKey: Guid(f004968986f2a5c4ea8f9ad609300d28) Importer(815301076,1909f56bfc062723c751e8b465ee728b)
Start importing Assets/birch-bush/source/birch_bush/birch_ao.png using Guid(f004968986f2a5c4ea8f9ad609300d28) Importer(815301076,1909f56bfc062723c751e8b465ee728b)  -> (artifact id: '4ebde13b1a4a409deb112428e50b0d3c') in 0.070051 seconds
Number of updated asset objects reloaded before import = 0
Number of asset objects unloaded after import = 2
========================================================================
Received Import Request.
  Time since last request: 0.000024 seconds.
  path: Assets/birch-bush/source/birch_bush/birch_normal.png
  artifactKey: Guid(ea3c60d2b247b584ab05a8b8f31fabd5) Importer(815301076,1909f56bfc062723c751e8b465ee728b)
Start importing Assets/birch-bush/source/birch_bush/birch_normal.png using Guid(ea3c60d2b247b584ab05a8b8f31fabd5) Importer(815301076,1909f56bfc062723c751e8b465ee728b)  -> (artifact id: '11dadfdef1f14bf180caf13a33c5ff3e') in 0.016538 seconds
Number of updated asset objects reloaded before import = 0
Number of asset objects unloaded after import = 2
========================================================================
Received Import Request.
  Time since last request: 0.000026 seconds.
  path: Assets/birch-bush/source/birch_bush/birch_metallic.png
  artifactKey: Guid(cc51433bcc7774545a0288fae429b80c) Importer(815301076,1909f56bfc062723c751e8b465ee728b)
Start importing Assets/birch-bush/source/birch_bush/birch_metallic.png using Guid(cc51433bcc7774545a0288fae429b80c) Importer(815301076,1909f56bfc062723c751e8b465ee728b)  -> (artifact id: 'dfad7ec47609c1cf4b64b10762ab665e') in 0.018835 seconds
Number of updated asset objects reloaded before import = 0
Number of asset objects unloaded after import = 2
========================================================================
Received Import Request.
  Time since last request: 0.000019 seconds.
  path: Assets/birch-bush/source/birch_bush/birch_diffuseOriginal.png
  artifactKey: Guid(25c2e8652f1c72c48b0368952aabc1d8) Importer(815301076,1909f56bfc062723c751e8b465ee728b)
Start importing Assets/birch-bush/source/birch_bush/birch_diffuseOriginal.png using Guid(25c2e8652f1c72c48b0368952aabc1d8) Importer(815301076,1909f56bfc062723c751e8b465ee728b)  -> (artifact id: '0dac44fdf750437a12627f8d4f552da5') in 0.018777 seconds
Number of updated asset objects reloaded before import = 0
Number of asset objects unloaded after import = 2
========================================================================
Received Import Request.
  Time since last request: 0.000060 seconds.
  path: Assets/birch-bush/source/birch_bush/birch_height.png
  artifactKey: Guid(4dc84648df346364098904329a338dd0) Importer(815301076,1909f56bfc062723c751e8b465ee728b)
Start importing Assets/birch-bush/source/birch_bush/birch_height.png using Guid(4dc84648df346364098904329a338dd0) Importer(815301076,1909f56bfc062723c751e8b465ee728b)  -> (artifact id: 'e09a90661f9ad2ef14c95709caa55356') in 0.019368 seconds
Number of updated asset objects reloaded before import = 0
Number of asset objects unloaded after import = 2
========================================================================
Received Import Request.
  Time since last request: 17.918860 seconds.
  path: Assets/birch-bush/textures/birch_diffuseOriginal.png
  artifactKey: Guid(0c21e8ea1bfa30449bddebedb8a9cd05) Importer(815301076,1909f56bfc062723c751e8b465ee728b)
Start importing Assets/birch-bush/textures/birch_diffuseOriginal.png using Guid(0c21e8ea1bfa30449bddebedb8a9cd05) Importer(815301076,1909f56bfc062723c751e8b465ee728b)  -> (artifact id: '25c79b1a403866c1afeb2a449cbd5e31') in 0.014986 seconds
Number of updated asset objects reloaded before import = 0
Number of asset objects unloaded after import = 2
========================================================================
Received Import Request.
  Time since last request: 0.000020 seconds.
  path: Assets/birch-bush/textures/birch_normal.png
  artifactKey: Guid(4bcc9bdc3fbab5f47a6f4d9b21edbb81) Importer(815301076,1909f56bfc062723c751e8b465ee728b)
Start importing Assets/birch-bush/textures/birch_normal.png using Guid(4bcc9bdc3fbab5f47a6f4d9b21edbb81) Importer(815301076,1909f56bfc062723c751e8b465ee728b)  -> (artifact id: '0648d8e1d3a0d309f51f5b6f63d7e1fe') in 0.017785 seconds
Number of updated asset objects reloaded before import = 0
Number of asset objects unloaded after import = 2
========================================================================
Received Prepare
Begin MonoManager ReloadAssembly
- Loaded All Assemblies, in  0.555 seconds
Refreshing native plugins compatible for Editor in 24.22 ms, found 9 plugins.
Native extension for WindowsStandalone target not found
Native extension for WebGL target not found
[Package Manager] Server::EnsureServerProcessIsRunning -- launch failed, reason: Unity was launched with the -noUpm command-line argument
[Package Manager] UpmClient::Send -- Unable to send message (not connected to UPM process).
[Package Manager] Cannot connect to Unity Package Manager local server
[Package Manager] Server::EnsureServerProcessIsRunning -- launch failed, reason: Unity was launched with the -noUpm command-line argument
[Package Manager] UpmClient::Send -- Unable to send message (not connected to UPM process).
[Package Manager] Cannot connect to Unity Package Manager local server
Mono: successfully reloaded assembly
[Package Manager] Server::EnsureServerProcessIsRunning -- launch failed, reason: Unity was launched with the -noUpm command-line argument
[Package Manager] UpmClient::Send -- Unable to send message (not connected to UPM process).
[Package Manager] Cannot connect to Unity Package Manager local server
- Finished resetting the current domain, in  1.530 seconds
Domain Reload Profiling: 2079ms
	BeginReloadAssembly (175ms)
		ExecutionOrderSort (0ms)
		DisableScriptedObjects (6ms)
		BackupInstance (0ms)
		ReleaseScriptingObjects (0ms)
		CreateAndSetChildDomain (47ms)
	RebuildCommonClasses (48ms)
	RebuildNativeTypeToScriptingClass (13ms)
	initialDomainReloadingComplete (37ms)
	LoadAllAssembliesAndSetupDomain (276ms)
		LoadAssemblies (341ms)
		RebuildTransferFunctionScriptingTraits (0ms)
		AnalyzeDomain (23ms)
			TypeCache.Refresh (5ms)
				TypeCache.ScanAssembly (0ms)
			ScanForSourceGeneratedMonoScriptInfo (0ms)
			ResolveRequiredComponents (16ms)
	FinalizeReload (1530ms)
		ReleaseScriptCaches (0ms)
		RebuildScriptCaches (0ms)
		SetupLoadedEditorAssemblies (560ms)
			LogAssemblyErrors (0ms)
			InitializePlatformSupportModulesInManaged (6ms)
			SetLoadedEditorAssemblies (3ms)
			RefreshPlugins (0ms)
			BeforeProcessingInitializeOnLoad (76ms)
			ProcessInitializeOnLoadAttributes (387ms)
			ProcessInitializeOnLoadMethodAttributes (83ms)
			AfterProcessingInitializeOnLoad (5ms)
			EditorAssembliesLoaded (0ms)
		ExecutionOrderSort2 (0ms)
		AwakeInstancesAfterBackupRestoration (16ms)
Refreshing native plugins compatible for Editor in 32.23 ms, found 9 plugins.
Preloading 0 native plugins for Editor in 0.00 ms.
Unloading 6184 Unused Serialized files (Serialized files now loaded: 0)
Unloading 76 unused Assets / (337.6 KB). Loaded Objects now: 6816.
Memory consumption went from 212.4 MB to 212.0 MB.
Total: 5.150200 ms (FindLiveObjects: 0.895000 ms CreateObjectMapping: 0.742900 ms MarkObjects: 3.357900 ms  DeleteObjects: 0.153400 ms)

Prepare: number of updated asset objects reloaded= 0
AssetImportParameters requested are different than current active one (requested -> active):
  custom:container-demuxer-ogg: 62fdf1f143b41e24485cea50d1cbac27 -> 
  custom:video-decoder-ogg-theora: a1e56fd34408186e4bbccfd4996cb3dc -> 
  custom:framework-win-MediaFoundation: 216162199b28c13a410421893ffa2e32 -> 
  custom:CustomObjectIndexerAttribute: 4d1d7186bcbbfe361de5f0ad951e585c -> 
  custom:container-demuxer-webm: 4f35f7cbe854078d1ac9338744f61a02 -> 
  custom:container-muxer-webm: aa71ff27fc2769a1b78a27578f13a17b -> 
  custom:video-decoder-webm-vp8: 9c59270c3fd7afecdb556c50c9e8de78 -> 
  custom:SearchIndexIgnoredProperties: e643bd26f0fe6173181afceb89e7c659 -> 
  custom:AudioImporter_EditorPlatform: d09bf68614088b80899f8185d706f6e7 -> 
  custom:video-encoder-webm-vp8: eb34c28f22e8b96e1ab97ce403110664 -> 
  custom:audio-decoder-ogg-vorbis: bf7c407c2cedff20999df2af8eb42d56 -> 
  custom:audio-encoder-webm-vorbis: bf7c407c2cedff20999df2af8eb42d56 -> 
========================================================================
Received Import Request.
  Time since last request: 4044.537519 seconds.
  path: Assets/birch-bush/textures/4e18a00a-3624-4d77-b0b5-e76f9549f0e1/model.fbx
  artifactKey: Guid(f99ee77024796e247832a88b33eb6334) Importer(815301076,1909f56bfc062723c751e8b465ee728b)
Start importing Assets/birch-bush/textures/4e18a00a-3624-4d77-b0b5-e76f9549f0e1/model.fbx using Guid(f99ee77024796e247832a88b33eb6334) Importer(815301076,1909f56bfc062723c751e8b465ee728b)  -> (artifact id: '37bf620d597d2d0967ae9f2114ae4500') in 2.275048 seconds
Number of updated asset objects reloaded before import = 0
Number of asset objects unloaded after import = 35
========================================================================
Received Import Request.
  Time since last request: 16.060584 seconds.
  path: Assets/birch-bush/textures/4e18a00a-3624-4d77-b0b5-e76f9549f0e1/model.fbm/shirt_defaultmaterial_metallic.png
  artifactKey: Guid(1144239bfd442f548b3f53eacc0162ce) Importer(815301076,1909f56bfc062723c751e8b465ee728b)
Start importing Assets/birch-bush/textures/4e18a00a-3624-4d77-b0b5-e76f9549f0e1/model.fbm/shirt_defaultmaterial_metallic.png using Guid(1144239bfd442f548b3f53eacc0162ce) Importer(815301076,1909f56bfc062723c751e8b465ee728b)  -> (artifact id: '7f8dd443d201d6840e23652ab046fb66') in 0.028245 seconds
Number of updated asset objects reloaded before import = 0
Number of asset objects unloaded after import = 2
========================================================================
Received Import Request.
  Time since last request: 0.000020 seconds.
  path: Assets/birch-bush/textures/4e18a00a-3624-4d77-b0b5-e76f9549f0e1/model.fbm/shirt_defaultmaterial_roughness.png
  artifactKey: Guid(ee5500826972a604e9e71df448f819e8) Importer(815301076,1909f56bfc062723c751e8b465ee728b)
Start importing Assets/birch-bush/textures/4e18a00a-3624-4d77-b0b5-e76f9549f0e1/model.fbm/shirt_defaultmaterial_roughness.png using Guid(ee5500826972a604e9e71df448f819e8) Importer(815301076,1909f56bfc062723c751e8b465ee728b)  -> (artifact id: '276c4c7e6c570225d4e35bea1dddbc85') in 0.016534 seconds
Number of updated asset objects reloaded before import = 0
Number of asset objects unloaded after import = 2
========================================================================
Received Import Request.
  Time since last request: 0.000026 seconds.
  path: Assets/birch-bush/textures/4e18a00a-3624-4d77-b0b5-e76f9549f0e1/model.fbm/shirt_normalmap.png
  artifactKey: Guid(a2ad1bbf1e251054b8ec7ecc7a6b8f55) Importer(815301076,1909f56bfc062723c751e8b465ee728b)
Start importing Assets/birch-bush/textures/4e18a00a-3624-4d77-b0b5-e76f9549f0e1/model.fbm/shirt_normalmap.png using Guid(a2ad1bbf1e251054b8ec7ecc7a6b8f55) Importer(815301076,1909f56bfc062723c751e8b465ee728b)  -> (artifact id: '43617b8eceecdfe04de226628ee8ccfc') in 0.021899 seconds
Number of updated asset objects reloaded before import = 0
Number of asset objects unloaded after import = 2
